h:\ib\bittrex\debug\vc120.pdb
h:\ib\bittrex\debug\vc120.idb
h:\ib\bittrex\debug\base64.obj
h:\ib\bittrex\debug\easylogging++.obj
h:\ib\bittrex\debug\easywsclient.obj
h:\ib\bittrex\debug\sha256.obj
h:\ib\bittrex\debug\sha512.obj
h:\ib\bittrex\debug\stdafx.obj
h:\ib\bittrex\debug\dllmain.obj
h:\zorro\plugin\bittrex.ilk
h:\zorro\plugin\bittrex.dll
h:\zorro\plugin\bittrex.pdb
h:\zorro\plugin\bittrex.lib
h:\zorro\plugin\bittrex.exp
h:\ib\bittrex\..\..\zorro\plugin\bittrex.dll
h:\ib\bittrex\debug\bittrex.tlog\cl.read.1.tlog
h:\ib\bittrex\debug\bittrex.tlog\cl.write.1.tlog
h:\ib\bittrex\debug\bittrex.tlog\cl.command.1.tlog
h:\ib\bittrex\debug\bittrex.tlog\link.read.1.tlog
h:\ib\bittrex\debug\bittrex.tlog\link.write.1.tlog
h:\ib\bittrex\debug\bittrex.tlog\link.command.1.tlog
h:\ib\bittrex\debug\bittrex.tlog\bittrex.write.1u.tlog
