Build started 15/05/2017 21:41:54.
     1>Project "H:\IB\IBData\IBData.vcxproj" on node 2 (Build target(s)).
     1>C:\Program Files (x86)\MSBuild\Microsoft.Cpp\v4.0\V120\Microsoft.CppBuild.targets(364,5): warning MSB8004: Output Directory does not end with a trailing slash.  This build instance will add the slash as it is required to allow proper evaluation of the Output Directory.
     1>C:\Program Files (x86)\MSBuild\Microsoft.Cpp\v4.0\V120\Microsoft.CppBuild.targets(388,5): warning MSB8028: The intermediate directory (Debug\) contains files shared from another project (IBPluginAA.vcxproj, IGMPlugin.vcxproj, IGMPluginEmpty.vcxproj).  This can lead to incorrect clean and rebuild behavior.
     1>ClCompile:
         C:\Program Files (x86)\Microsoft Visual Studio 12.0\VC\bin\CL.exe /c /ZI /nologo /W3 /WX- /sdl /Od /Oy- /D WIN32 /D _DEBUG /D _WINDOWS /D _USRDLL /D IGMPLUGIN_EXPORTS /D _WINDLL /D _UNICODE /D UNICODE /Gm /EHsc /RTC1 /MDd /GS /fp:precise /Zc:wchar_t /Zc:forScope /Fo"Debug\\" /Fd"Debug\vc120.pdb" /Gd /TP /analyze- /errorReport:prompt dllmain.cpp
         dllmain.cpp
         C:\Program Files (x86)\Microsoft Visual Studio 12.0\VC\bin\CL.exe /c /ZI /nologo /W3 /WX- /sdl /Od /Oy- /D WIN32 /D _DEBUG /D _WINDOWS /D _USRDLL /D IGMPLUGIN_EXPORTS /D _WINDLL /D _UNICODE /D UNICODE /Gm /EHsc /RTC1 /MDd /GS /fp:precise /Zc:wchar_t /Zc:forScope /Fo"Debug\\" /Fd"Debug\vc120.pdb" /Gd /TP /analyze- /errorReport:prompt easylogging++.cpp IBData.cpp stdafx.cpp
         stdafx.cpp
         IBData.cpp
     1>h:\ib\ibdata\ibdata.cpp(163): warning C4101: 'fFreeResult' : unreferenced local variable
     1>h:\ib\ibdata\ibdata.cpp(557): warning C4244: 'initializing' : conversion from 'double' to 'int', possible loss of data
     1>h:\ib\ibdata\ibdata.cpp(558): warning C4244: 'initializing' : conversion from 'double' to 'int', possible loss of data
     1>h:\ib\ibdata\ibdata.cpp(643): warning C4244: '=' : conversion from 'double' to 'float', possible loss of data
     1>h:\ib\ibdata\ibdata.cpp(644): warning C4244: '=' : conversion from 'double' to 'float', possible loss of data
     1>h:\ib\ibdata\ibdata.cpp(645): warning C4244: '=' : conversion from 'double' to 'float', possible loss of data
     1>h:\ib\ibdata\ibdata.cpp(646): warning C4244: '=' : conversion from 'double' to 'float', possible loss of data
     1>h:\ib\ibdata\ibdata.cpp(647): warning C4244: '=' : conversion from 'double' to 'float', possible loss of data
     1>h:\ib\ibdata\ibdata.cpp(1055): warning C4244: '=' : conversion from 'double' to 'int', possible loss of data
         easylogging++.cpp
         Generating Code...
       Link:
         C:\Program Files (x86)\Microsoft Visual Studio 12.0\VC\bin\link.exe /ERRORREPORT:PROMPT /OUT:"..\..\Zorro\Plugin\IBData.dll" /INCREMENTAL /NOLOGO kernel32.lib user32.lib gdi32.lib winspool.lib comdlg32.lib advapi32.lib shell32.lib ole32.lib oleaut32.lib uuid.lib odbc32.lib odbccp32.lib /MANIFEST /MANIFESTUAC:"level='asInvoker' uiAccess='false'" /manifest:embed /DEBUG /PDB:"..\..\Zorro\Plugin\IBData.pdb" /SUBSYSTEM:WINDOWS /TLBID:1 /DYNAMICBASE /NXCOMPAT /IMPLIB:"..\..\Zorro\Plugin\IBData.lib" /MACHINE:X86 /DLL Debug\dllmain.obj
         Debug\easylogging++.obj
         Debug\IBData.obj
         Debug\stdafx.obj
            Creating library ..\..\Zorro\Plugin\IBData.lib and object ..\..\Zorro\Plugin\IBData.exp
         IBData.vcxproj -> H:\IB\IBData\..\..\Zorro\Plugin\IBData.dll
     1>Done Building Project "H:\IB\IBData\IBData.vcxproj" (Build target(s)).

Build succeeded.

Time Elapsed 00:00:15.52
