e:\ib\kraken\debug\vc120.pdb
e:\ib\kraken\debug\vc120.idb
e:\ib\kraken\debug\base64.obj
e:\ib\kraken\debug\easylogging++.obj
e:\ib\kraken\debug\kraken.obj
e:\ib\kraken\debug\sha256.obj
e:\ib\kraken\debug\sha512.obj
e:\ib\kraken\debug\stdafx.obj
e:\ib\kraken\debug\dllmain.obj
e:\ib\kraken\debug\easywsclient.obj
h:\ib\kraken\debug\vc120.pdb
h:\ib\kraken\debug\vc120.idb
h:\ib\kraken\debug\base64.obj
h:\ib\kraken\debug\easylogging++.obj
h:\ib\kraken\debug\easywsclient.obj
h:\ib\kraken\debug\sha256.obj
h:\ib\kraken\debug\sha512.obj
h:\ib\kraken\debug\stdafx.obj
h:\ib\kraken\debug\kraken.obj
h:\ib\kraken\debug\dllmain.obj
e:\zorro\plugin\kraken.lib
e:\zorro\plugin\kraken.exp
h:\zorro\plugin\kraken.lib
h:\zorro\plugin\kraken.exp
e:\zorro\plugin\kraken.ilk
e:\zorro\plugin\kraken.dll
e:\zorro\plugin\kraken.pdb
h:\zorro\plugin\kraken.ilk
h:\zorro\plugin\kraken.dll
h:\zorro\plugin\kraken.pdb
h:\ib\kraken\..\..\zorro\plugin\kraken.dll
h:\ib\kraken\debug\kraken.tlog\cl.read.1.tlog
h:\ib\kraken\debug\kraken.tlog\cl.write.1.tlog
h:\ib\kraken\debug\kraken.tlog\cl.command.1.tlog
h:\ib\kraken\debug\kraken.tlog\link.command.1.tlog
h:\ib\kraken\debug\kraken.tlog\kraken.write.1u.tlog
h:\ib\kraken\debug\kraken.tlog\link.read.1.tlog
h:\ib\kraken\debug\kraken.tlog\link.write.1.tlog
