e:\ib\bittrex\release\vc120.pdb
e:\ib\bittrex\release\stdafx.obj
e:\ib\bittrex\release\sha512.obj
e:\ib\bittrex\release\sha256.obj
e:\ib\bittrex\release\bittrex.obj
e:\ib\bittrex\release\easywsclient.obj
e:\ib\bittrex\release\easylogging++.obj
e:\ib\bittrex\release\base64.obj
e:\ib\bittrex\release\dllmain.obj
h:\ib\bittrex\release\vc120.pdb
h:\ib\bittrex\release\stdafx.obj
h:\ib\bittrex\release\sha512.obj
h:\ib\bittrex\release\sha256.obj
h:\ib\bittrex\release\easywsclient.obj
h:\ib\bittrex\release\easylogging++.obj
h:\ib\bittrex\release\base64.obj
e:\ib\release\bittrex.dll
e:\ib\release\bittrex.pdb
e:\ib\bittrex\release\bittrex.dll
e:\ib\bittrex\release\bittrex.pdb
e:\ib\release\bittrex.lib
e:\ib\release\bittrex.exp
e:\ib\bittrex\release\bittrex.lib
e:\ib\bittrex\release\bittrex.exp
h:\ib\bittrex\release\kraken.obj
h:\ib\bittrex\release\dllmain.obj
h:\ib\bittrex\release\bittrex.exp
h:\ib\bittrex\release\bittrex.pdb
h:\ib\release\bittrex.pdb
h:\ib\release\bittrex.dll
h:\ib\bittrex\release\bittrex.tlog\cl.read.1.tlog
h:\ib\bittrex\release\bittrex.tlog\cl.write.1.tlog
h:\ib\bittrex\release\bittrex.tlog\cl.command.1.tlog
h:\ib\bittrex\release\bittrex.tlog\link.read.1.tlog
h:\ib\bittrex\release\bittrex.tlog\link.write.1.tlog
h:\ib\bittrex\release\bittrex.tlog\link.command.1.tlog
h:\ib\bittrex\release\bittrex.tlog\bittrex.write.1u.tlog
