g:\software code\ig\igmplugin\release\vc140.pdb
g:\software code\ig\igmplugin\release\dllmain.obj
g:\software code\ig\igmplugin\release\stdafx.obj
g:\software code\ig\igmplugin\release\igmplugin.obj
d:\ig\igmplugin\release\vc120.pdb
d:\ig\igmplugin\release\dllmain.obj
d:\ig\igmplugin\release\stdafx.obj
d:\ig\igmplugin\release\jsmn.obj
d:\ig\igmplugin\release\igmplugin.obj
h:\ig\igmplugin\release\vc120.pdb
h:\ig\igmplugin\release\dllmain.obj
h:\ig\igmplugin\release\stdafx.obj
h:\ig\igmplugin\release\igmplugin.obj
g:\software code\ig\release\igmpluginempty.lib
g:\software code\ig\release\igmpluginempty.exp
d:\ig\release\igmpluginempty.lib
d:\ig\release\igmpluginempty.exp
h:\ig\release\igmpluginempty.lib
h:\ig\release\igmpluginempty.exp
g:\software code\ig\release\igmpluginempty.dll
g:\software code\ig\release\igmpluginempty.ipdb
g:\software code\ig\release\igmpluginempty.iobj
g:\software code\ig\release\igmpluginempty.pdb
d:\ig\release\igmpluginempty.dll
d:\ig\release\igmpluginempty.pdb
h:\ig\release\igmpluginempty.dll
h:\ig\release\igmpluginempty.pdb
d:\ig\igmplugin\release\vc140.pdb
d:\ig\igmplugin\release\igmpluginempty.tlog\cl.command.1.tlog
d:\ig\igmplugin\release\igmpluginempty.tlog\cl.read.1.tlog
d:\ig\igmplugin\release\igmpluginempty.tlog\cl.write.1.tlog
d:\ig\igmplugin\release\igmpluginempty.tlog\igmpluginempty.write.1u.tlog
d:\ig\igmplugin\release\igmpluginempty.tlog\link.command.1.tlog
d:\ig\igmplugin\release\igmpluginempty.tlog\link.read.1.tlog
d:\ig\igmplugin\release\igmpluginempty.tlog\link.write.1.tlog
