Build started 7/09/2017 2:58:15 PM.
     1>Project "E:\IB\Kraken\Kraken.vcxproj" on node 2 (Build target(s)).
     1>C:\Program Files (x86)\MSBuild\Microsoft.Cpp\v4.0\V120\Microsoft.CppBuild.targets(388,5): warning MSB8028: The intermediate directory (Release\) contains files shared from another project (IBData.vcxproj, IBPluginAA.vcxproj, IGMPlugin.vcxproj, IGMPluginEmpty.vcxproj).  This can lead to incorrect clean and rebuild behavior.
     1>ClCompile:
         C:\Program Files (x86)\Microsoft Visual Studio 12.0\VC\bin\CL.exe /c /Zi /nologo /W3 /WX- /sdl /O2 /Oi /Oy- /GL /D WIN32 /D NDEBUG /D _WINDOWS /D _USRDLL /D IGMPLUGIN_EXPORTS /D _WINDLL /D _UNICODE /D UNICODE /D _CRT_SECURE_NO_WARNINGS /Gm- /EHsc /MT /GS /Gy /fp:precise /Zc:wchar_t /Zc:forScope /Fo"Release\\" /Fd"Release\vc120.pdb" /Gd /TP /analyze- /errorReport:prompt Kraken.cpp
         Kraken.cpp
     1>Kraken.cpp(14): warning C4005: '_CRT_SECURE_NO_WARNINGS' : macro redefinition
                 command-line arguments :  see previous definition of '_CRT_SECURE_NO_WARNINGS'
     1>Kraken.cpp(387): warning C4244: '=' : conversion from 'time_t' to 'unsigned int', possible loss of data
     1>Kraken.cpp(388): warning C4244: 'return' : conversion from 'time_t' to 'unsigned int', possible loss of data
     1>Kraken.cpp(1026): warning C4244: '=' : conversion from 'double' to 'float', possible loss of data
     1>Kraken.cpp(1028): warning C4244: '=' : conversion from 'double' to 'float', possible loss of data
     1>Kraken.cpp(1030): warning C4244: '=' : conversion from 'double' to 'float', possible loss of data
     1>Kraken.cpp(1032): warning C4244: '=' : conversion from 'double' to 'float', possible loss of data
     1>Kraken.cpp(1034): warning C4244: '=' : conversion from 'double' to 'float', possible loss of data
     1>Kraken.cpp(1081): warning C4244: 'initializing' : conversion from 'double' to 'int', possible loss of data
     1>Kraken.cpp(1082): warning C4244: 'initializing' : conversion from 'double' to 'int', possible loss of data
     1>Kraken.cpp(1147): warning C4244: '=' : conversion from 'double' to 'float', possible loss of data
     1>Kraken.cpp(1150): warning C4244: '=' : conversion from 'double' to 'float', possible loss of data
     1>Kraken.cpp(1153): warning C4244: '=' : conversion from 'double' to 'float', possible loss of data
     1>Kraken.cpp(1156): warning C4244: '=' : conversion from 'double' to 'float', possible loss of data
     1>Kraken.cpp(1159): warning C4244: '=' : conversion from 'double' to 'float', possible loss of data
     1>Kraken.cpp(1681): warning C4244: '=' : conversion from 'double' to 'int', possible loss of data
       Link:
         C:\Program Files (x86)\Microsoft Visual Studio 12.0\VC\bin\link.exe /ERRORREPORT:PROMPT /OUT:"E:\IB\Release\Kraken.dll" /INCREMENTAL:NO /NOLOGO kernel32.lib user32.lib gdi32.lib winspool.lib comdlg32.lib advapi32.lib shell32.lib ole32.lib oleaut32.lib uuid.lib odbc32.lib odbccp32.lib /MANIFEST /MANIFESTUAC:"level='asInvoker' uiAccess='false'" /manifest:embed /DEBUG /PDB:"E:\IB\Release\Kraken.pdb" /SUBSYSTEM:WINDOWS /OPT:REF /OPT:ICF /LTCG /TLBID:1 /DYNAMICBASE /NXCOMPAT /IMPLIB:"E:\IB\Release\Kraken.lib" /MACHINE:X86 /SAFESEH /DLL Release\base64.obj
         Release\dllmain.obj
         Release\easylogging++.obj
         Release\easywsclient.obj
         Release\Kraken.obj
         Release\sha256.obj
         Release\sha512.obj
         Release\stdafx.obj
            Creating library E:\IB\Release\Kraken.lib and object E:\IB\Release\Kraken.exp
         Generating code
         Finished generating code
         Kraken.vcxproj -> E:\IB\Release\Kraken.dll
     1>Done Building Project "E:\IB\Kraken\Kraken.vcxproj" (Build target(s)).

Build succeeded.

Time Elapsed 00:00:16.25
